<?xml version="1.0" encoding="UTF-8"?>
<testsuite name="agh.ics.oop.model.util.RandomPositionGeneratorTest" tests="2" skipped="0" failures="0" errors="0" timestamp="2025-01-20T08:17:51" hostname="PUTER" time="0.021">
  <properties/>
  <testcase name="randomPositionsNotInExcludedRegions()" classname="agh.ics.oop.model.util.RandomPositionGeneratorTest" time="0.017"/>
  <testcase name="randomPositionsNotInExcludedPositions()" classname="agh.ics.oop.model.util.RandomPositionGeneratorTest" time="0.002"/>
  <system-out><![CDATA[]]></system-out>
  <system-err><![CDATA[]]></system-err>
</testsuite>
